<?xml version="1.0" encoding="UTF-8"?>
<!-- Generated by org.testng.reporters.JUnitReportReporter -->
<testsuite skipped="0" hostname="David-PC" name="demoqa.tests.Form" tests="1" failures="0" timestamp="2020-05-03T22:00:24 EDT" time="8.254" errors="0">
  <testcase name="canFillTopPartOfFormUsingConventialPattern" time="8.254" classname="demoqa.tests.Form"/>
  <system-out/>
</testsuite> <!-- demoqa.tests.Form -->
