<?xml version="1.0" encoding="UTF-8"?>
<!-- Generated by org.testng.reporters.JUnitReportReporter -->
<testsuite skipped="0" hostname="David-PC" name="theInternet.tests.Scroll" tests="1" failures="0" timestamp="2020-05-03T22:01:17 EDT" time="17.319" errors="0">
  <testcase name="canScrollAndGetParagraphText" time="17.319" classname="theInternet.tests.Scroll"/>
  <system-out/>
</testsuite> <!-- theInternet.tests.Scroll -->
